

Microchip Technology PIC LITE Macro Assembler V1.33 build 59893 
                                                                                               Tue Nov 05 18:11:04 2019

Microchip Technology Omniscient Code Generator (Lite mode) build 59893
     1                           	processor	16F887
     2                           	opt	pw 120
     3                           	opt	lm
     4                           	psect	text0,local,class=CODE,merge=1,delta=2
     5                           	psect	cinit,global,class=CODE,merge=1,delta=2
     6                           	psect	cstackCOMMON,global,class=COMMON,space=1,delta=1
     7                           	psect	cstackBANK0,global,class=BANK0,space=1,delta=1
     8                           	psect	maintext,global,class=CODE,split=1,delta=2
     9                           	psect	text1,local,class=CODE,merge=1,delta=2
    10                           	psect	text2,local,class=CODE,merge=1,delta=2
    11                           	psect	intentry,global,class=CODE,delta=2
    12                           	dabs	1,0x7E,2
    13  0000                     	;# 
    14  0001                     	;# 
    15  0002                     	;# 
    16  0003                     	;# 
    17  0004                     	;# 
    18  0005                     	;# 
    19  0006                     	;# 
    20  0007                     	;# 
    21  0008                     	;# 
    22  0009                     	;# 
    23  000A                     	;# 
    24  000B                     	;# 
    25  000C                     	;# 
    26  000D                     	;# 
    27  000E                     	;# 
    28  000E                     	;# 
    29  000F                     	;# 
    30  0010                     	;# 
    31  0011                     	;# 
    32  0012                     	;# 
    33  0013                     	;# 
    34  0014                     	;# 
    35  0015                     	;# 
    36  0015                     	;# 
    37  0016                     	;# 
    38  0017                     	;# 
    39  0018                     	;# 
    40  0019                     	;# 
    41  001A                     	;# 
    42  001B                     	;# 
    43  001B                     	;# 
    44  001C                     	;# 
    45  001D                     	;# 
    46  001E                     	;# 
    47  001F                     	;# 
    48  0081                     	;# 
    49  0085                     	;# 
    50  0086                     	;# 
    51  0087                     	;# 
    52  0088                     	;# 
    53  0089                     	;# 
    54  008C                     	;# 
    55  008D                     	;# 
    56  008E                     	;# 
    57  008F                     	;# 
    58  0090                     	;# 
    59  0091                     	;# 
    60  0092                     	;# 
    61  0093                     	;# 
    62  0093                     	;# 
    63  0093                     	;# 
    64  0094                     	;# 
    65  0095                     	;# 
    66  0096                     	;# 
    67  0097                     	;# 
    68  0098                     	;# 
    69  0099                     	;# 
    70  009A                     	;# 
    71  009B                     	;# 
    72  009C                     	;# 
    73  009D                     	;# 
    74  009E                     	;# 
    75  009F                     	;# 
    76  0105                     	;# 
    77  0107                     	;# 
    78  0108                     	;# 
    79  0109                     	;# 
    80  010C                     	;# 
    81  010C                     	;# 
    82  010D                     	;# 
    83  010E                     	;# 
    84  010F                     	;# 
    85  0185                     	;# 
    86  0187                     	;# 
    87  0188                     	;# 
    88  0189                     	;# 
    89  018C                     	;# 
    90  018D                     	;# 
    91  0017                     _CCP1CON	set	23
    92  0015                     _CCPR1L	set	21
    93  0012                     _T2CON	set	18
    94  005F                     _GIE	set	95
    95  005C                     _INTE	set	92
    96  0059                     _INTF	set	89
    97  005E                     _PEIE	set	94
    98  0031                     _RB1	set	49
    99  0032                     _RB2	set	50
   100  0092                     _TMR2ON	set	146
   101  008F                     _OSCCON	set	143
   102  0092                     _PR2	set	146
   103  0086                     _TRISB	set	134
   104  0087                     _TRISC	set	135
   105  0188                     _ANSEL	set	392
   106  0189                     _ANSELH	set	393
   107                           
   108                           	psect	text0
   109  0000                     __ptext0:	
   110                           ; #config settings
   111                           
   112                           
   113                           ;psect for function _qqcoisa
   114  0000                     
   115                           	psect	cinit
   116  0015                     start_initialization:	
   117  0015                     __initialization:	
   118  0015                     end_of_initialization:	
   119                           ;End of C runtime variable initialization code
   120                           
   121  0015                     __end_of__initialization:	
   122  0015  0183               	clrf	3
   123  0016  120A  118A  2843   	ljmp	_main	;jump to C main() function
   124                           
   125                           	psect	cstackCOMMON
   126  0070                     __pcstackCOMMON:	
   127  0070                     ?_configura:	
   128  0070                     ?_qqcoisa:	
   129                           ; 0 bytes @ 0x0
   130                           
   131  0070                     ??_qqcoisa:	
   132                           ; 0 bytes @ 0x0
   133                           
   134  0070                     ?_main:	
   135                           ; 0 bytes @ 0x0
   136                           
   137                           
   138                           ; 0 bytes @ 0x0
   139  0070                     	ds	7
   140  0077                     ??_configura:	
   141                           
   142                           	psect	cstackBANK0
   143  0020                     __pcstackBANK0:	
   144                           ; 0 bytes @ 0x7
   145                           
   146  0020                     ??_main:	
   147                           
   148                           ; 0 bytes @ 0x0
   149  0020                     	ds	3
   150                           
   151                           	psect	maintext
   152  0043                     __pmaintext:	
   153 ;;
   154 ;;Main: autosize = 0, tempsize = 3, incstack = 0, save=0
   155 ;;
   156 ;; *************** function _main *****************
   157 ;; Defined at:
   158 ;;		line 57 in file "servopwm.c"
   159 ;; Parameters:    Size  Location     Type
   160 ;;		None
   161 ;; Auto vars:     Size  Location     Type
   162 ;;		None
   163 ;; Return value:  Size  Location     Type
   164 ;;		None               void
   165 ;; Registers used:
   166 ;;		wreg, status,2, status,0, pclath, cstack
   167 ;; Tracked objects:
   168 ;;		On entry : 17F/0
   169 ;;		On exit  : 0/0
   170 ;;		Unchanged: 0/0
   171 ;; Data sizes:     COMMON   BANK0   BANK1   BANK3   BANK2
   172 ;;      Params:         0       0       0       0       0
   173 ;;      Locals:         0       0       0       0       0
   174 ;;      Temps:          0       3       0       0       0
   175 ;;      Totals:         0       3       0       0       0
   176 ;;Total ram usage:        3 bytes
   177 ;; Hardware stack levels required when called:    2
   178 ;; This function calls:
   179 ;;		_configura
   180 ;; This function is called by:
   181 ;;		Startup code after reset
   182 ;; This function uses a non-reentrant model
   183 ;;
   184                           
   185                           
   186                           ;psect for function _main
   187  0043                     _main:	
   188                           
   189                           ;servopwm.c: 58: configura();
   190                           
   191                           ;incstack = 0
   192                           ; Regs used in _main: [wreg+status,2+status,0+pclath+cstack]
   193  0043  120A  118A  2067  120A  118A  	fcall	_configura
   194  0048                     l543:	
   195                           ;servopwm.c: 59: while(1){
   196                           
   197                           
   198                           ;servopwm.c: 60: RB1 = 0;
   199  0048  1283               	bcf	3,5	;RP0=0, select bank0
   200  0049  1303               	bcf	3,6	;RP1=0, select bank0
   201  004A  1086               	bcf	6,1	;volatile
   202                           
   203                           ;servopwm.c: 61: CCPR1L = 0b00000111;
   204  004B  3007               	movlw	7
   205  004C  0095               	movwf	21	;volatile
   206                           
   207                           ;servopwm.c: 62: TMR2ON = 1;
   208  004D  1512               	bsf	18,2	;volatile
   209                           
   210                           ;servopwm.c: 63: _delay((unsigned long)((1000)*(500000/4000.0)));
   211  004E  30A3               	movlw	163
   212  004F  00A1               	movwf	??_main+1
   213  0050  3055               	movlw	85
   214  0051  00A0               	movwf	??_main
   215  0052                     u17:	
   216  0052  0BA0               	decfsz	??_main,f
   217  0053  2852               	goto	u17
   218  0054  0BA1               	decfsz	??_main+1,f
   219  0055  2852               	goto	u17
   220                           
   221                           ;servopwm.c: 64: TMR2ON = 0;
   222  0056  1283               	bcf	3,5	;RP0=0, select bank0
   223  0057  1303               	bcf	3,6	;RP1=0, select bank0
   224  0058  1112               	bcf	18,2	;volatile
   225                           
   226                           ;servopwm.c: 65: _delay((unsigned long)((5000)*(500000/4000.0)));
   227  0059  3004               	movlw	4
   228  005A  00A2               	movwf	??_main+2
   229  005B  302C               	movlw	44
   230  005C  00A1               	movwf	??_main+1
   231  005D  30AD               	movlw	173
   232  005E  00A0               	movwf	??_main
   233  005F                     u27:	
   234  005F  0BA0               	decfsz	??_main,f
   235  0060  285F               	goto	u27
   236  0061  0BA1               	decfsz	??_main+1,f
   237  0062  285F               	goto	u27
   238  0063  0BA2               	decfsz	??_main+2,f
   239  0064  285F               	goto	u27
   240  0065  2866               	nop2
   241  0066  2848               	goto	l543
   242  0067                     __end_of_main:	
   243                           
   244                           	psect	text1
   245  0067                     __ptext1:	
   246 ;; *************** function _configura *****************
   247 ;; Defined at:
   248 ;;		line 33 in file "servopwm.c"
   249 ;; Parameters:    Size  Location     Type
   250 ;;		None
   251 ;; Auto vars:     Size  Location     Type
   252 ;;		None
   253 ;; Return value:  Size  Location     Type
   254 ;;		None               void
   255 ;; Registers used:
   256 ;;		wreg, status,2
   257 ;; Tracked objects:
   258 ;;		On entry : 0/0
   259 ;;		On exit  : 0/0
   260 ;;		Unchanged: 0/0
   261 ;; Data sizes:     COMMON   BANK0   BANK1   BANK3   BANK2
   262 ;;      Params:         0       0       0       0       0
   263 ;;      Locals:         0       0       0       0       0
   264 ;;      Temps:          0       0       0       0       0
   265 ;;      Totals:         0       0       0       0       0
   266 ;;Total ram usage:        0 bytes
   267 ;; Hardware stack levels used:    1
   268 ;; Hardware stack levels required when called:    1
   269 ;; This function calls:
   270 ;;		Nothing
   271 ;; This function is called by:
   272 ;;		_main
   273 ;; This function uses a non-reentrant model
   274 ;;
   275                           
   276                           
   277                           ;psect for function _configura
   278  0067                     _configura:	
   279                           
   280                           ;servopwm.c: 34: OSCCON = 0b00110000;
   281                           
   282                           ;incstack = 0
   283                           ; Regs used in _configura: [wreg+status,2]
   284  0067  3030               	movlw	48
   285  0068  1683               	bsf	3,5	;RP0=1, select bank1
   286  0069  1303               	bcf	3,6	;RP1=0, select bank1
   287  006A  008F               	movwf	15	;volatile
   288                           
   289                           ;servopwm.c: 35: T2CON = 0b00000011;
   290  006B  3003               	movlw	3
   291  006C  1283               	bcf	3,5	;RP0=0, select bank0
   292  006D  1303               	bcf	3,6	;RP1=0, select bank0
   293  006E  0092               	movwf	18	;volatile
   294                           
   295                           ;servopwm.c: 36: PR2 = 0b10011011;
   296  006F  309B               	movlw	155
   297  0070  1683               	bsf	3,5	;RP0=1, select bank1
   298  0071  1303               	bcf	3,6	;RP1=0, select bank1
   299  0072  0092               	movwf	18	;volatile
   300                           
   301                           ;servopwm.c: 37: CCP1CON = 0b00111100;
   302  0073  303C               	movlw	60
   303  0074  1283               	bcf	3,5	;RP0=0, select bank0
   304  0075  1303               	bcf	3,6	;RP1=0, select bank0
   305  0076  0097               	movwf	23	;volatile
   306                           
   307                           ;servopwm.c: 38: TRISB = 0b00000001;
   308  0077  3001               	movlw	1
   309  0078  1683               	bsf	3,5	;RP0=1, select bank1
   310  0079  1303               	bcf	3,6	;RP1=0, select bank1
   311  007A  0086               	movwf	6	;volatile
   312                           
   313                           ;servopwm.c: 39: TRISC = 0;
   314  007B  0187               	clrf	7	;volatile
   315                           
   316                           ;servopwm.c: 40: RB2 = 0;
   317  007C  1283               	bcf	3,5	;RP0=0, select bank0
   318  007D  1303               	bcf	3,6	;RP1=0, select bank0
   319  007E  1106               	bcf	6,2	;volatile
   320                           
   321                           ;servopwm.c: 41: GIE = 1;
   322  007F  178B               	bsf	11,7	;volatile
   323                           
   324                           ;servopwm.c: 42: PEIE = 1;
   325  0080  170B               	bsf	11,6	;volatile
   326                           
   327                           ;servopwm.c: 43: INTE = 1;
   328  0081  160B               	bsf	11,4	;volatile
   329                           
   330                           ;servopwm.c: 44: ANSEL = 0;
   331  0082  1683               	bsf	3,5	;RP0=1, select bank3
   332  0083  1703               	bsf	3,6	;RP1=1, select bank3
   333  0084  0188               	clrf	8	;volatile
   334                           
   335                           ;servopwm.c: 45: ANSELH = 0;
   336  0085  0189               	clrf	9	;volatile
   337  0086  0008               	return
   338  0087                     __end_of_configura:	
   339                           
   340                           	psect	text2
   341  0019                     __ptext2:	
   342 ;; *************** function _qqcoisa *****************
   343 ;; Defined at:
   344 ;;		line 47 in file "servopwm.c"
   345 ;; Parameters:    Size  Location     Type
   346 ;;		None
   347 ;; Auto vars:     Size  Location     Type
   348 ;;		None
   349 ;; Return value:  Size  Location     Type
   350 ;;		None               void
   351 ;; Registers used:
   352 ;;		wreg
   353 ;; Tracked objects:
   354 ;;		On entry : 0/0
   355 ;;		On exit  : 0/0
   356 ;;		Unchanged: 0/0
   357 ;; Data sizes:     COMMON   BANK0   BANK1   BANK3   BANK2
   358 ;;      Params:         0       0       0       0       0
   359 ;;      Locals:         0       0       0       0       0
   360 ;;      Temps:          7       0       0       0       0
   361 ;;      Totals:         7       0       0       0       0
   362 ;;Total ram usage:        7 bytes
   363 ;; Hardware stack levels used:    1
   364 ;; This function calls:
   365 ;;		Nothing
   366 ;; This function is called by:
   367 ;;		Interrupt level 1
   368 ;; This function uses a non-reentrant model
   369 ;;
   370                           
   371                           
   372                           ;psect for function _qqcoisa
   373  0019                     _qqcoisa:	
   374                           
   375                           ;servopwm.c: 49: RB1 = 1;
   376  0019  1486               	bsf	6,1	;volatile
   377                           
   378                           ;servopwm.c: 50: INTF = 0;
   379  001A  108B               	bcf	11,1	;volatile
   380                           
   381                           ;servopwm.c: 51: CCPR1L = 0b00001111;
   382  001B  300F               	movlw	15
   383  001C  0095               	movwf	21	;volatile
   384                           
   385                           ;servopwm.c: 52: TMR2ON = 1;
   386  001D  1512               	bsf	18,2	;volatile
   387                           
   388                           ;servopwm.c: 53: _delay((unsigned long)((1000)*(500000/4000.0)));
   389  001E  30A3               	movlw	163
   390  001F  00F1               	movwf	??_qqcoisa+1
   391  0020  3055               	movlw	85
   392  0021  00F0               	movwf	??_qqcoisa
   393  0022                     u3_27:	
   394  0022  0BF0               	decfsz	??_qqcoisa,f
   395  0023  2822               	goto	u3_27
   396  0024  0BF1               	decfsz	??_qqcoisa+1,f
   397  0025  2822               	goto	u3_27
   398                           
   399                           ;servopwm.c: 54: TMR2ON = 0;
   400  0026  1283               	bcf	3,5	;RP0=0, select bank0
   401  0027  1303               	bcf	3,6	;RP1=0, select bank0
   402  0028  1112               	bcf	18,2	;volatile
   403                           
   404                           ;servopwm.c: 55: _delay((unsigned long)((5000)*(500000/4000.0)));
   405  0029  3004               	movlw	4
   406  002A  00F2               	movwf	??_qqcoisa+2
   407  002B  302C               	movlw	44
   408  002C  00F1               	movwf	??_qqcoisa+1
   409  002D  30AD               	movlw	173
   410  002E  00F0               	movwf	??_qqcoisa
   411  002F                     u4_27:	
   412  002F  0BF0               	decfsz	??_qqcoisa,f
   413  0030  282F               	goto	u4_27
   414  0031  0BF1               	decfsz	??_qqcoisa+1,f
   415  0032  282F               	goto	u4_27
   416  0033  0BF2               	decfsz	??_qqcoisa+2,f
   417  0034  282F               	goto	u4_27
   418  0035  2836               	nop2
   419  0036  0876               	movf	??_qqcoisa+6,w
   420  0037  1283               	bcf	3,5	;RP0=0, select bank0
   421  0038  1303               	bcf	3,6	;RP1=0, select bank0
   422  0039  00FF               	movwf	127
   423  003A  0875               	movf	??_qqcoisa+5,w
   424  003B  008A               	movwf	10
   425  003C  0874               	movf	??_qqcoisa+4,w
   426  003D  0084               	movwf	4
   427  003E  0E73               	swapf	(??_qqcoisa+3)^(0+-128),w
   428  003F  0083               	movwf	3
   429  0040  0EFE               	swapf	126,f
   430  0041  0E7E               	swapf	126,w
   431  0042  0009               	retfie
   432  0043                     __end_of_qqcoisa:	
   433  007E                     btemp	set	126	;btemp
   434  007E                     wtemp	set	126
   435  007E                     wtemp0	set	126
   436  0080                     wtemp1	set	128
   437  0082                     wtemp2	set	130
   438  0084                     wtemp3	set	132
   439  0086                     wtemp4	set	134
   440  0088                     wtemp5	set	136
   441  007F                     wtemp6	set	127
   442  007E                     ttemp	set	126
   443  007E                     ttemp0	set	126
   444  0081                     ttemp1	set	129
   445  0084                     ttemp2	set	132
   446  0087                     ttemp3	set	135
   447  007F                     ttemp4	set	127
   448  007E                     ltemp	set	126
   449  007E                     ltemp0	set	126
   450  0082                     ltemp1	set	130
   451  0086                     ltemp2	set	134
   452  0080                     ltemp3	set	128
   453                           
   454                           	psect	intentry
   455  0004                     __pintentry:	
   456                           ;incstack = 0
   457                           ; Regs used in _qqcoisa: [wreg]
   458                           
   459  0004                     interrupt_function:	
   460  007E                     saved_w	set	btemp
   461  0004  00FE               	movwf	btemp
   462  0005  0E03               	swapf	3,w
   463  0006  00F3               	movwf	??_qqcoisa+3
   464  0007  0804               	movf	4,w
   465  0008  00F4               	movwf	??_qqcoisa+4
   466  0009  080A               	movf	10,w
   467  000A  00F5               	movwf	??_qqcoisa+5
   468  000B  1283               	bcf	3,5	;RP0=0, select bank0
   469  000C  1303               	bcf	3,6	;RP1=0, select bank0
   470  000D  087F               	movf	btemp+1,w
   471  000E  00F6               	movwf	??_qqcoisa+6
   472  000F  120A  118A  2819   	ljmp	_qqcoisa


Data Sizes:
    Strings     0
    Constant    0
    Data        0
    BSS         0
    Persistent  0
    Stack       0

Auto Spaces:
    Space          Size  Autos    Used
    COMMON           14      7       7
    BANK0            80      3       3
    BANK1            80      0       0
    BANK3            96      0       0
    BANK2            96      0       0

Pointer List with Targets:

    None.

Critical Paths under _main in COMMON

    None.

Critical Paths under _qqcoisa in COMMON

    None.

Critical Paths under _main in BANK0

    None.

Critical Paths under _qqcoisa in BANK0

    None.

Critical Paths under _main in BANK1

    None.

Critical Paths under _qqcoisa in BANK1

    None.

Critical Paths under _main in BANK3

    None.

Critical Paths under _qqcoisa in BANK3

    None.

Critical Paths under _main in BANK2

    None.

Critical Paths under _qqcoisa in BANK2

    None.

Call Graph Tables:

 ---------------------------------------------------------------------------------
 (Depth) Function   	        Calls       Base Space   Used Autos Params    Refs
 ---------------------------------------------------------------------------------
 (0) _main                                                 3     3      0       0
                                              0 BANK0      3     3      0
                          _configura
 ---------------------------------------------------------------------------------
 (1) _configura                                            0     0      0       0
 ---------------------------------------------------------------------------------
 Estimated maximum stack depth 1
 ---------------------------------------------------------------------------------
 (Depth) Function   	        Calls       Base Space   Used Autos Params    Refs
 ---------------------------------------------------------------------------------
 (2) _qqcoisa                                              7     7      0       0
                                              0 COMMON     7     7      0
 ---------------------------------------------------------------------------------
 Estimated maximum stack depth 2
 ---------------------------------------------------------------------------------

 Call Graph Graphs:

 _main (ROOT)
   _configura

 _qqcoisa (ROOT)

 Address spaces:
Name               Size   Autos  Total    Cost      Usage
BITCOMMON            E      0       0       0        0.0%
EEDATA             100      0       0       0        0.0%
NULL                 0      0       0       0        0.0%
CODE                 0      0       0       0        0.0%
COMMON               E      7       7       1       50.0%
BITSFR0              0      0       0       1        0.0%
SFR0                 0      0       0       1        0.0%
BITSFR1              0      0       0       2        0.0%
SFR1                 0      0       0       2        0.0%
STACK                0      0       0       2        0.0%
ABS                  0      0       0       3        0.0%
BITBANK0            50      0       0       4        0.0%
BITSFR3              0      0       0       4        0.0%
SFR3                 0      0       0       4        0.0%
BANK0               50      3       3       5        3.8%
BITSFR2              0      0       0       5        0.0%
SFR2                 0      0       0       5        0.0%
BITBANK1            50      0       0       6        0.0%
BANK1               50      0       0       7        0.0%
BITBANK3            60      0       0       8        0.0%
BANK3               60      0       0       9        0.0%
BITBANK2            60      0       0      10        0.0%
BANK2               60      0       0      11        0.0%
DATA                 0      0       0      12        0.0%


Microchip Technology PIC Macro Assembler V1.33 build 59893 
Symbol Table                                                                                   Tue Nov 05 18:11:04 2019

            __CFG_CP$OFF 0000                       u17 0052                       u27 005F  
                    l543 0048                      _GIE 005F                      _RB1 0031  
                    _RB2 0032                      _PR2 0092             __CFG_CPD$OFF 0000  
                    fsr0 0004             __CFG_LVP$OFF 0000                     _PEIE 005E  
                   _INTE 005C                     _INTF 0059                     u3_27 0022  
                   u4_27 002F             __CFG_WRT$OFF 0000                     _main 0043  
                   btemp 007E                     ltemp 007E                     start 0012  
                   ttemp 007E                     wtemp 007E            __CFG_IESO$OFF 0000  
                  ?_main 0070            __CFG_WDTE$OFF 0000                    _ANSEL 0188  
                  _T2CON 0012                    _TRISB 0086                    _TRISC 0087  
         __CFG_FCMEN$OFF 0000           __CFG_BOREN$OFF 0000                    pclath 000A  
                  ltemp0 007E                    ltemp1 0082                    ltemp2 0086  
                  ltemp3 0080          __end_of_qqcoisa 0043                    ttemp0 007E  
                  ttemp1 0081                    ttemp2 0084                    ttemp3 0087  
                  ttemp4 007F                    status 0003                    wtemp0 007E  
                  wtemp1 0080                    wtemp2 0082                    wtemp3 0084  
                  wtemp4 0086                    wtemp5 0088                    wtemp6 007F  
         __CFG_MCLRE$OFF 0000          __initialization 0015             __end_of_main 0067  
                 ??_main 0020                   _CCPR1L 0015                   _ANSELH 0189  
                 _OSCCON 008F                   _TMR2ON 0092           __CFG_PWRTE$OFF 0000  
                 saved_w 007E                ??_qqcoisa 0070  __end_of__initialization 0015  
         __pcstackCOMMON 0070       __size_of_configura 0020               __pmaintext 0043  
             __pintentry 0004                  _CCP1CON 0017        __end_of_configura 0087  
                __ptext0 0000                  __ptext1 0067                  __ptext2 0019  
                _qqcoisa 0019     end_of_initialization 0015      start_initialization 0015  
              ___latbits 0002            __pcstackBANK0 0020   __CFG_FOSC$INTRC_CLKOUT 0000  
              _configura 0067                 ?_qqcoisa 0070        interrupt_function 0004  
             ?_configura 0070        __CFG_BOR4V$BOR40V 0000         __size_of_qqcoisa 002A  
          __size_of_main 0024              ??_configura 0077                 intlevel1 0000  
